z:\cs553\samplew\debug\sample.obj
z:\cs553\samplew\debug\vc100.pdb
z:\cs553~1\samplew\debug\sample.obj
z:\cs553~1\samplew\debug\vc100.pdb
k:\cs550\sample\debug\sample.obj
k:\cs550\sample\debug\vc100.pdb
k:\cs550\samplefreeglut\debug\sample.obj
k:\cs550\samplefreeglut\debug\vc100.pdb
z:\cs553\samplew\debug\sample.exe
z:\cs553\samplew\debug\sample.exe.intermediate.manifest
z:\cs553\samplew\debug\sample.pdb
z:\cs553~1\samplew\debug\sample.exe
z:\cs553~1\samplew\debug\sample.exe.intermediate.manifest
z:\cs553~1\samplew\debug\sample.pdb
k:\cs550\sample\debug\sample.exe
k:\cs550\sample\debug\sample.exe.intermediate.manifest
k:\cs550\sample\debug\sample.pdb
k:\cs550\samplefreeglut\debug\sample.exe
k:\cs550\samplefreeglut\debug\sample.exe.intermediate.manifest
k:\cs550\samplefreeglut\debug\sample.pdb
g:\hj\course\cs550\samplefreeglut\debug\vc120.pdb
g:\hj\course\cs550\samplefreeglut\debug\vc120.idb
g:\hj\course\cs550\samplefreeglut\debug\sample.obj
g:\hj\course\cs550\samplefreeglut\debug\sample.vcxprojresolveassemblyreference.cache
g:\hj\course\cs550\samplefreeglut\debug\rcx8059.tmp
g:\hj\course\cs550\samplefreeglut\debug\rcxa0e6.tmp
g:\hj\course\cs550\samplefreeglut\debug\rcxa184.tmp
g:\hj\course\cs550\samplefreeglut\debug\cl.command.1.tlog
g:\hj\course\cs550\samplefreeglut\debug\cl.read.1.tlog
g:\hj\course\cs550\samplefreeglut\debug\cl.write.1.tlog
g:\hj\course\cs550\samplefreeglut\debug\link.command.1.tlog
g:\hj\course\cs550\samplefreeglut\debug\link.read.1.tlog
g:\hj\course\cs550\samplefreeglut\debug\link.write.1.tlog
g:\hj\course\cs550\samplefreeglut\debug\mt.command.1.tlog
g:\hj\course\cs550\samplefreeglut\debug\mt.read.1.tlog
g:\hj\course\cs550\samplefreeglut\debug\mt.write.1.tlog
g:\hj\course\cs550\samplefreeglut\debug\sample.write.1.tlog
g:\hj\course\cs550\samplefreeglut\debug\sample.exe.intermediate.manifest
g:\hj\course\cs550\samplefreeglut\debug\sample.pch
g:\hj\course\cs550\samplefreeglut\debug\vc100.idb
g:\hj\course\cs550\samplefreeglut\debug\vc60.idb
g:\hj\course\cs550\samplefreeglut\debug\vc70.idb
g:\hj\course\cs550\samplefreeglut\debug\vc80.idb
g:\hj\course\cs550\samplefreeglut\debug\vc90.idb
g:\hj\course\cs550\samplefreeglut\debug\sample.pdb
g:\hj\course\cs550\samplefreeglut\debug\vc100.pdb
g:\hj\course\cs550\samplefreeglut\debug\vc70.pdb
g:\hj\course\cs550\samplefreeglut\debug\vc80.pdb
g:\hj\course\cs550\samplefreeglut\debug\vc90.pdb
g:\hj\course\cs550\samplefreeglut\.\debug\sample.exe.intermediate.manifest
g:\hj\course\cs550\samplefreeglut\debug\sample.tlog\cl.command.1.tlog
g:\hj\course\cs550\samplefreeglut\debug\sample.tlog\cl.read.1.tlog
g:\hj\course\cs550\samplefreeglut\debug\sample.tlog\cl.write.1.tlog
g:\hj\course\cs550\samplefreeglut\debug\sample.tlog\link-cvtres.read.1.tlog
g:\hj\course\cs550\samplefreeglut\debug\sample.tlog\link-cvtres.write.1.tlog
g:\hj\course\cs550\samplefreeglut\debug\sample.tlog\link-rc.read.1.tlog
g:\hj\course\cs550\samplefreeglut\debug\sample.tlog\link-rc.write.1.tlog
g:\hj\course\cs550\samplefreeglut\debug\sample.tlog\link.command.1.tlog
g:\hj\course\cs550\samplefreeglut\debug\sample.tlog\link.read.1.tlog
g:\hj\course\cs550\samplefreeglut\debug\sample.tlog\link.write.1.tlog
