Build started 11/2/2015 3:48:43 PM.
     1>Project "G:\hj\course\cs550\SampleFreeGlut\Sample.vcxproj" on node 2 (Build target(s)).
     1>InitializeBuildStatus:
         Creating ".\Debug\Sample.tlog\unsuccessfulbuild" because "AlwaysCreate" was specified.
       ClCompile:
         C:\Program Files (x86)\Microsoft Visual Studio 12.0\VC\bin\CL.exe /c /ZI /nologo /W3 /WX- /Od /Oy- /D WIN32 /D _DEBUG /D _CONSOLE /D _VC80_UPGRADE=0x0710 /D _MBCS /Gm- /EHsc /RTC1 /MTd /GS /fp:precise /Zc:wchar_t /Zc:forScope /Fo".\Debug/" /Fd".\Debug/vc120.pdb" /Gd /TP /analyze- /errorReport:prompt sample.cpp sphere.cpp
         sample.cpp
     1>g:\hj\course\cs550\samplefreeglut\sample.cpp(345): warning C4305: 'initializing' : truncation from 'double' to 'float'
     1>g:\hj\course\cs550\samplefreeglut\sample.cpp(472): warning C4305: 'argument' : truncation from 'double' to 'float'
     1>g:\hj\course\cs550\samplefreeglut\sample.cpp(509): warning C4305: 'argument' : truncation from 'double' to 'GLfloat'
     1>g:\hj\course\cs550\samplefreeglut\sample.cpp(533): warning C4305: 'argument' : truncation from 'double' to 'float'
     1>g:\hj\course\cs550\samplefreeglut\sample.cpp(534): warning C4305: 'argument' : truncation from 'double' to 'float'
     1>g:\hj\course\cs550\samplefreeglut\sample.cpp(535): warning C4305: 'argument' : truncation from 'double' to 'float'
     1>g:\hj\course\cs550\samplefreeglut\sample.cpp(540): warning C4305: 'argument' : truncation from 'double' to 'float'
     1>g:\hj\course\cs550\samplefreeglut\sample.cpp(551): warning C4305: 'argument' : truncation from 'double' to 'float'
     1>g:\hj\course\cs550\samplefreeglut\sample.cpp(552): warning C4305: 'argument' : truncation from 'double' to 'float'
     1>g:\hj\course\cs550\samplefreeglut\sample.cpp(553): warning C4305: 'argument' : truncation from 'double' to 'float'
     1>g:\hj\course\cs550\samplefreeglut\sample.cpp(558): warning C4305: 'argument' : truncation from 'double' to 'float'
     1>g:\hj\course\cs550\samplefreeglut\sample.cpp(568): warning C4305: 'argument' : truncation from 'double' to 'float'
     1>g:\hj\course\cs550\samplefreeglut\sample.cpp(569): warning C4305: 'argument' : truncation from 'double' to 'float'
     1>g:\hj\course\cs550\samplefreeglut\sample.cpp(570): warning C4305: 'argument' : truncation from 'double' to 'float'
     1>g:\hj\course\cs550\samplefreeglut\sample.cpp(575): warning C4305: 'argument' : truncation from 'double' to 'float'
     1>g:\hj\course\cs550\samplefreeglut\sample.cpp(586): warning C4305: 'argument' : truncation from 'double' to 'float'
     1>g:\hj\course\cs550\samplefreeglut\sample.cpp(587): warning C4305: 'argument' : truncation from 'double' to 'float'
     1>g:\hj\course\cs550\samplefreeglut\sample.cpp(588): warning C4305: 'argument' : truncation from 'double' to 'float'
     1>g:\hj\course\cs550\samplefreeglut\sample.cpp(593): warning C4305: 'argument' : truncation from 'double' to 'float'
     1>g:\hj\course\cs550\samplefreeglut\sample.cpp(674): warning C4800: 'int' : forcing value to bool 'true' or 'false' (performance warning)
     1>g:\hj\course\cs550\samplefreeglut\sample.cpp(1614): warning C4305: 'argument' : truncation from 'double' to 'GLfloat'
     1>g:\hj\course\cs550\samplefreeglut\sample.cpp(1616): warning C4305: 'argument' : truncation from 'double' to 'GLfloat'
     1>g:\hj\course\cs550\samplefreeglut\sample.cpp(1618): warning C4305: 'argument' : truncation from 'double' to 'GLfloat'
     1>g:\hj\course\cs550\samplefreeglut\sample.cpp(1620): warning C4305: 'argument' : truncation from 'double' to 'GLfloat'
     1>g:\hj\course\cs550\samplefreeglut\sample.cpp(1637): warning C4244: 'argument' : conversion from 'const int' to 'float', possible loss of data
         sphere.cpp
     1>g:\hj\course\cs550\samplefreeglut\sphere.cpp(67): warning C4244: 'initializing' : conversion from 'double' to 'float', possible loss of data
     1>g:\hj\course\cs550\samplefreeglut\sphere.cpp(72): warning C4244: 'initializing' : conversion from 'double' to 'float', possible loss of data
     1>g:\hj\course\cs550\samplefreeglut\sphere.cpp(84): warning C4244: '=' : conversion from 'double' to 'float', possible loss of data
     1>g:\hj\course\cs550\samplefreeglut\sphere.cpp(85): warning C4244: '=' : conversion from 'double' to 'float', possible loss of data
     1>g:\hj\course\cs550\samplefreeglut\sphere.cpp(89): warning C4244: '=' : conversion from 'double' to 'float', possible loss of data
     1>g:\hj\course\cs550\samplefreeglut\sphere.cpp(90): warning C4244: '=' : conversion from 'double' to 'float', possible loss of data
         Generating Code...
       Link:
         C:\Program Files (x86)\Microsoft Visual Studio 12.0\VC\bin\link.exe /ERRORREPORT:PROMPT /OUT:".\Debug/Sample.exe" /INCREMENTAL:NO /NOLOGO glew32.lib freeglut.lib glu32.lib opengl32.lib odbc32.lib odbccp32.lib kernel32.lib user32.lib gdi32.lib winspool.lib comdlg32.lib advapi32.lib shell32.lib ole32.lib oleaut32.lib uuid.lib odbc32.lib odbccp32.lib /MANIFEST /MANIFESTUAC:"level='asInvoker' uiAccess='false'" /manifest:embed /DEBUG /PDB:".\Debug/Sample.pdb" /SUBSYSTEM:CONSOLE /TLBID:1 /DYNAMICBASE:NO /IMPLIB:".\Debug\Sample.lib" /MACHINE:X86 /SAFESEH .\Debug/bmptotexture.obj
         .\Debug/sample.obj
         .\Debug/sphere.obj
     1>bmptotexture.obj : warning LNK4075: ignoring '/EDITANDCONTINUE' due to '/OPT:LBR' specification
         Sample.vcxproj -> G:\hj\course\cs550\SampleFreeGlut\.\Debug\Sample.exe
       FinalizeBuildStatus:
         Deleting file ".\Debug\Sample.tlog\unsuccessfulbuild".
         Touching ".\Debug\Sample.tlog\Sample.lastbuildstate".
     1>Done Building Project "G:\hj\course\cs550\SampleFreeGlut\Sample.vcxproj" (Build target(s)).

Build succeeded.

Time Elapsed 00:00:01.47
