Build started 5/27/2015 9:19:05 PM.
     1>Project "G:\hj\course\scientific visual\Sample08\Sample.vcxproj" on node 2 (Build target(s)).
     1>InitializeBuildStatus:
         Creating ".\Debug\Sample.tlog\unsuccessfulbuild" because "AlwaysCreate" was specified.
       ClCompile:
         C:\Program Files (x86)\Microsoft Visual Studio 12.0\VC\bin\CL.exe /c /ZI /nologo /W3 /WX- /Od /Oy- /D WIN32 /D _DEBUG /D _CONSOLE /D _VC80_UPGRADE=0x0710 /D _MBCS /Gm- /EHsc /RTC1 /MTd /GS /fp:precise /Zc:wchar_t /Zc:forScope /Fo".\Debug/" /Fd".\Debug/vc120.pdb" /FR".\Debug\\" /Gd /TP /analyze- /errorReport:prompt sample.cpp
         sample.cpp
     1>g:\hj\course\scientific visual\sample08\project.h(38): warning C4305: 'initializing' : truncation from 'double' to 'const float'
     1>g:\hj\course\scientific visual\sample08\project.h(47): warning C4305: 'initializing' : truncation from 'double' to 'const float'
     1>g:\hj\course\scientific visual\sample08\project.h(59): warning C4305: 'initializing' : truncation from 'double' to 'const float'
     1>g:\hj\course\scientific visual\sample08\project.h(60): warning C4305: 'initializing' : truncation from 'double' to 'const float'
     1>g:\hj\course\scientific visual\sample08\project.h(65): warning C4305: 'initializing' : truncation from 'double' to 'const float'
     1>g:\hj\course\scientific visual\sample08\project.h(67): warning C4305: 'initializing' : truncation from 'double' to 'const float'
     1>g:\hj\course\scientific visual\sample08\project.h(70): warning C4305: 'initializing' : truncation from 'double' to 'const float'
     1>g:\hj\course\scientific visual\sample08\project.h(73): warning C4305: 'initializing' : truncation from 'double' to 'const float'
     1>g:\hj\course\scientific visual\sample08\sample.cpp(307): warning C4305: 'initializing' : truncation from 'double' to 'float'
     1>g:\hj\course\scientific visual\sample08\sample.cpp(855): warning C4101: 'group' : unreferenced local variable
     1>g:\hj\course\scientific visual\sample08\sample.cpp(859): warning C4101: 'str' : unreferenced local variable
     1>g:\hj\course\scientific visual\sample08\sample.cpp(1318): warning C4305: 'argument' : truncation from 'double' to 'GLfloat'
     1>g:\hj\course\scientific visual\sample08\sample.cpp(2729): warning C4305: 'argument' : truncation from 'double' to 'GLfloat'
     1>g:\hj\course\scientific visual\sample08\sample.cpp(2963): warning C4305: 'initializing' : truncation from 'double' to 'float'
       Link:
         C:\Program Files (x86)\Microsoft Visual Studio 12.0\VC\bin\link.exe /ERRORREPORT:PROMPT /OUT:".\Debug/Sample.exe" /INCREMENTAL:NO /NOLOGO glui32.lib glut32.lib glu32.lib opengl32.lib odbc32.lib odbccp32.lib kernel32.lib user32.lib gdi32.lib winspool.lib comdlg32.lib advapi32.lib shell32.lib ole32.lib oleaut32.lib uuid.lib odbc32.lib odbccp32.lib /MANIFEST /MANIFESTUAC:"level='asInvoker' uiAccess='false'" /manifest:embed /DEBUG /PDB:".\Debug/Sample.pdb" /SUBSYSTEM:CONSOLE /TLBID:1 /DYNAMICBASE:NO /IMPLIB:".\Debug\Sample.lib" /MACHINE:X86 /SAFESEH:NO .\Debug/bmptotexture.obj
         .\Debug/project.obj
         .\Debug/sample.obj
     1>bmptotexture.obj : warning LNK4075: ignoring '/EDITANDCONTINUE' due to '/OPT:LBR' specification
         Sample.vcxproj -> G:\hj\course\scientific visual\Sample08\.\Debug\Sample.exe
       BscMake:
         C:\Program Files (x86)\Microsoft Visual Studio 12.0\VC\bin\bscmake.exe /nologo /o".\Debug\Sample.bsc" /n .\Debug\bmptotexture.sbr .\Debug\project.sbr .\Debug\sample.sbr
       FinalizeBuildStatus:
         Deleting file ".\Debug\Sample.tlog\unsuccessfulbuild".
         Touching ".\Debug\Sample.tlog\Sample.lastbuildstate".
     1>Done Building Project "G:\hj\course\scientific visual\Sample08\Sample.vcxproj" (Build target(s)).

Build succeeded.

Time Elapsed 00:00:02.22
